<?xml version="1.0" encoding="UTF-8"?>
<!-- Generated by org.testng.reporters.JUnitReportReporter -->
<testsuite hostname="DESKTOP-OIJPSID" failures="0" tests="1" name="com.simplogics.testcases.Loginpage" time="16.892" errors="0" timestamp="24 May 2021 12:04:42 GMT" skipped="0">
  <testcase classname="com.simplogics.testcases.Loginpage" name="loginpage" time="16.892"/>
</testsuite> <!-- com.simplogics.testcases.Loginpage -->
