<?xml version="1.0" encoding="UTF-8"?>
<!-- Generated by org.testng.reporters.JUnitReportReporter -->
<testsuite hostname="DESKTOP-OIJPSID" failures="0" tests="7" name="com.simplogics.testcases.APIS" time="77.791" errors="0" timestamp="24 May 2021 12:04:42 GMT" skipped="5">
  <testcase classname="com.simplogics.testcases.APIS" name="Apis" time="0.252">
    <skipped/>
  </testcase> <!-- Apis -->
  <testcase classname="com.simplogics.testcases.APIS" name="Apis" time="0.162">
    <skipped/>
  </testcase> <!-- Apis -->
  <testcase classname="com.simplogics.testcases.APIS" name="Apis" time="40.683"/>
  <testcase classname="com.simplogics.testcases.APIS" name="Apis" time="0.380">
    <skipped/>
  </testcase> <!-- Apis -->
  <testcase classname="com.simplogics.testcases.APIS" name="Apis" time="36.037"/>
  <testcase classname="com.simplogics.testcases.APIS" name="Apis" time="0.123">
    <skipped/>
  </testcase> <!-- Apis -->
  <testcase classname="com.simplogics.testcases.APIS" name="Apis" time="0.154">
    <skipped/>
  </testcase> <!-- Apis -->
</testsuite> <!-- com.simplogics.testcases.APIS -->
